Flow report for BomberMan_top
Sun Apr 28 19:21:00 2019
Quartus Prime Version 18.1.0 Build 625 09/12/2018 SJ Lite Edition


---------------------
; Table of Contents ;
---------------------
  1. Legal Notice
  2. Flow Summary
  3. Flow Settings
  4. Flow Non-Default Global Settings
  5. Flow Elapsed Time
  6. Flow OS Summary
  7. Flow Log
  8. Flow Messages
  9. Flow Suppressed Messages



----------------
; Legal Notice ;
----------------
Copyright (C) 2018  Intel Corporation. All rights reserved.
Your use of Intel Corporation's design tools, logic functions 
and other software and tools, and its AMPP partner logic 
functions, and any output files from any of the foregoing 
(including device programming or simulation files), and any 
associated documentation or information are expressly subject 
to the terms and conditions of the Intel Program License 
Subscription Agreement, the Intel Quartus Prime License Agreement,
the Intel FPGA IP License Agreement, or other applicable license
agreement, including, without limitation, that your use is for
the sole purpose of programming logic devices manufactured by
Intel and sold by Intel or its authorized distributors.  Please
refer to the applicable agreement for further details.



+----------------------------------------------------------------------------------+
; Flow Summary                                                                     ;
+------------------------------------+---------------------------------------------+
; Flow Status                        ; Successful - Sun Apr 28 19:21:00 2019       ;
; Quartus Prime Version              ; 18.1.0 Build 625 09/12/2018 SJ Lite Edition ;
; Revision Name                      ; BomberMan_top                               ;
; Top-level Entity Name              ; BomberMan_top                               ;
; Family                             ; Cyclone IV E                                ;
; Device                             ; EP4CE115F29C7                               ;
; Timing Models                      ; Final                                       ;
; Total logic elements               ; 7,772 / 114,480 ( 7 % )                     ;
;     Total combinational functions  ; 6,818 / 114,480 ( 6 % )                     ;
;     Dedicated logic registers      ; 3,399 / 114,480 ( 3 % )                     ;
; Total registers                    ; 3518                                        ;
; Total pins                         ; 186 / 529 ( 35 % )                          ;
; Total virtual pins                 ; 0                                           ;
; Total memory bits                  ; 1,960,960 / 3,981,312 ( 49 % )              ;
; Embedded Multiplier 9-bit elements ; 0 / 532 ( 0 % )                             ;
; Total PLLs                         ; 2 / 4 ( 50 % )                              ;
+------------------------------------+---------------------------------------------+


+-----------------------------------------+
; Flow Settings                           ;
+-------------------+---------------------+
; Option            ; Setting             ;
+-------------------+---------------------+
; Start date & time ; 04/28/2019 19:17:36 ;
; Main task         ; Compilation         ;
; Revision Name     ; BomberMan_top       ;
+-------------------+---------------------+


+-----------------------------------------------------------------------------------------------------------------------------------------------------+
; Flow Non-Default Global Settings                                                                                                                    ;
+--------------------------------------+---------------------------------------------------------------+---------------+-------------+----------------+
; Assignment Name                      ; Value                                                         ; Default Value ; Entity Name ; Section Id     ;
+--------------------------------------+---------------------------------------------------------------+---------------+-------------+----------------+
; COMPILER_SIGNATURE_ID                ; 233654138518961.155649705514256                               ; --            ; --          ; --             ;
; EDA_DESIGN_INSTANCE_NAME             ; NA                                                            ; --            ; --          ; testbench      ;
; EDA_NATIVELINK_SIMULATION_TEST_BENCH ; testbench                                                     ; --            ; --          ; eda_simulation ;
; EDA_OUTPUT_DATA_FORMAT               ; Systemverilog Hdl                                             ; --            ; --          ; eda_simulation ;
; EDA_SIMULATION_TOOL                  ; ModelSim-Altera (SystemVerilog)                               ; <None>        ; --          ; --             ;
; EDA_TEST_BENCH_ENABLE_STATUS         ; TEST_BENCH_MODE                                               ; --            ; --          ; eda_simulation ;
; EDA_TEST_BENCH_FILE                  ; testbench.sv                                                  ; --            ; --          ; testbench      ;
; EDA_TEST_BENCH_MODULE_NAME           ; testbench                                                     ; --            ; --          ; testbench      ;
; EDA_TEST_BENCH_NAME                  ; testbench                                                     ; --            ; --          ; eda_simulation ;
; EDA_TEST_BENCH_RUN_SIM_FOR           ; 100 us                                                        ; --            ; --          ; testbench      ;
; EDA_TIME_SCALE                       ; 1 ps                                                          ; --            ; --          ; eda_simulation ;
; FLOW_ENABLE_POWER_ANALYZER           ; On                                                            ; Off           ; --          ; --             ;
; MAX_CORE_JUNCTION_TEMP               ; 85                                                            ; --            ; --          ; --             ;
; MIN_CORE_JUNCTION_TEMP               ; 0                                                             ; --            ; --          ; --             ;
; MISC_FILE                            ; vga_clk.ppf                                                   ; --            ; --          ; --             ;
; MISC_FILE                            ; nios_system/synthesis/../nios_system.cmp                      ; --            ; --          ; --             ;
; MISC_FILE                            ; nios_system/synthesis/../../nios_system.qsys                  ; --            ; --          ; --             ;
; NOMINAL_CORE_SUPPLY_VOLTAGE          ; 1.2V                                                          ; --            ; --          ; --             ;
; NUM_PARALLEL_PROCESSORS              ; All                                                           ; --            ; --          ; --             ;
; PARTITION_COLOR                      ; -- (Not supported for targeted family)                        ; --            ; --          ; Top            ;
; PARTITION_FITTER_PRESERVATION_LEVEL  ; -- (Not supported for targeted family)                        ; --            ; --          ; Top            ;
; PARTITION_NETLIST_TYPE               ; -- (Not supported for targeted family)                        ; --            ; --          ; Top            ;
; POWER_BOARD_THERMAL_MODEL            ; None (CONSERVATIVE)                                           ; --            ; --          ; --             ;
; POWER_DEFAULT_INPUT_IO_TOGGLE_RATE   ; 12.5 %                                                        ; 12.5%         ; --          ; --             ;
; POWER_PRESET_COOLING_SOLUTION        ; 23 MM HEAT SINK WITH 200 LFPM AIRFLOW                         ; --            ; --          ; --             ;
; PROJECT_OUTPUT_DIRECTORY             ; output_files                                                  ; --            ; --          ; --             ;
; SLD_FILE                             ; nios_system/synthesis/nios_system.regmap                      ; --            ; --          ; --             ;
; SLD_FILE                             ; nios_system/synthesis/nios_system.debuginfo                   ; --            ; --          ; --             ;
; SLD_INFO                             ; QSYS_NAME nios_system HAS_SOPCINFO 1 GENERATION_ID 1555287349 ; --            ; nios_system ; --             ;
; SOPCINFO_FILE                        ; nios_system/synthesis/../../nios_system.sopcinfo              ; --            ; --          ; --             ;
; SYNTHESIS_ONLY_QIP                   ; On                                                            ; --            ; --          ; --             ;
+--------------------------------------+---------------------------------------------------------------+---------------+-------------+----------------+


+--------------------------------------------------------------------------------------------------------------------------+
; Flow Elapsed Time                                                                                                        ;
+----------------------+--------------+-------------------------+---------------------+------------------------------------+
; Module Name          ; Elapsed Time ; Average Processors Used ; Peak Virtual Memory ; Total CPU Time (on all processors) ;
+----------------------+--------------+-------------------------+---------------------+------------------------------------+
; Analysis & Synthesis ; 00:01:12     ; 1.0                     ; 5017 MB             ; 00:01:42                           ;
; Fitter               ; 00:01:09     ; 1.2                     ; 5940 MB             ; 00:01:59                           ;
; Assembler            ; 00:00:05     ; 1.0                     ; 4757 MB             ; 00:00:06                           ;
; Power Analyzer       ; 00:00:17     ; 1.1                     ; 4997 MB             ; 00:00:18                           ;
; Timing Analyzer      ; 00:00:08     ; 1.5                     ; 4987 MB             ; 00:00:09                           ;
; EDA Netlist Writer   ; 00:00:16     ; 1.0                     ; 4799 MB             ; 00:00:13                           ;
; Total                ; 00:03:07     ; --                      ; --                  ; 00:04:27                           ;
+----------------------+--------------+-------------------------+---------------------+------------------------------------+


+------------------------------------------------------------------------------------+
; Flow OS Summary                                                                    ;
+----------------------+------------------+------------+------------+----------------+
; Module Name          ; Machine Hostname ; OS Name    ; OS Version ; Processor type ;
+----------------------+------------------+------------+------------+----------------+
; Analysis & Synthesis ; LAPTOP-51VISPE0  ; Windows 10 ; 10.0       ; x86_64         ;
; Fitter               ; LAPTOP-51VISPE0  ; Windows 10 ; 10.0       ; x86_64         ;
; Assembler            ; LAPTOP-51VISPE0  ; Windows 10 ; 10.0       ; x86_64         ;
; Power Analyzer       ; LAPTOP-51VISPE0  ; Windows 10 ; 10.0       ; x86_64         ;
; Timing Analyzer      ; LAPTOP-51VISPE0  ; Windows 10 ; 10.0       ; x86_64         ;
; EDA Netlist Writer   ; LAPTOP-51VISPE0  ; Windows 10 ; 10.0       ; x86_64         ;
+----------------------+------------------+------------+------------+----------------+


------------
; Flow Log ;
------------
quartus_map --read_settings_files=on --write_settings_files=off BomberMan -c BomberMan_top
quartus_fit --read_settings_files=off --write_settings_files=off BomberMan -c BomberMan_top
quartus_asm --read_settings_files=off --write_settings_files=off BomberMan -c BomberMan_top
quartus_pow --read_settings_files=off --write_settings_files=off BomberMan -c BomberMan_top
quartus_sta BomberMan -c BomberMan_top
quartus_eda --read_settings_files=off --write_settings_files=off BomberMan -c BomberMan_top



